** Drc report for RamadanCard.kicad_pcb **
** Created on 2026-02-10T19:44:28+0100 **

** Found 124 DRC violations **
[silk_overlap]: Silkscreen overlap
    Rule: board setup constraints silk; warning
    @(143,8455 mm, 81,1973 mm): Footprint text of D7 (1)
    @(143,0357 mm, 78,1993 mm): Polygon of G*** on F.Silkscreen
[silk_overlap]: Silkscreen overlap
    Rule: board setup constraints silk; warning
    @(123,0000 mm, 102,0000 mm): Reference field of G***
    @(122,9455 mm, 91,4844 mm): Polygon of G*** on F.Silkscreen
[silk_overlap]: Silkscreen overlap
    Rule: board setup constraints silk; warning
    @(134,0614 mm, 89,1131 mm): Polygon of G*** on F.Silkscreen
    @(133,5900 mm, 89,9900 mm): Segment of D6 on F.Silkscreen
[silk_overlap]: Silkscreen overlap
    Rule: board setup constraints silk; warning
    @(134,0614 mm, 89,1131 mm): Polygon of G*** on F.Silkscreen
    @(134,2400 mm, 89,9900 mm): Segment of D6 on F.Silkscreen
[silk_overlap]: Silkscreen overlap
    Rule: board setup constraints silk; warning
    @(134,0614 mm, 89,1131 mm): Polygon of G*** on F.Silkscreen
    @(133,6000 mm, 91,6300 mm): Footprint text of D6 (1)
[silk_overlap]: Silkscreen overlap
    Rule: board setup constraints silk; warning
    @(132,6697 mm, 73,6568 mm): Polygon of G*** on F.Silkscreen
    @(130,5900 mm, 74,9900 mm): Segment of D8 on F.Silkscreen
[silk_overlap]: Silkscreen overlap
    Rule: board setup constraints silk; warning
    @(131,2400 mm, 74,9900 mm): Segment of D8 on F.Silkscreen
    @(132,6697 mm, 73,6568 mm): Polygon of G*** on F.Silkscreen
[silk_overlap]: Silkscreen overlap
    Rule: board setup constraints silk; warning
    @(130,6000 mm, 76,6300 mm): Footprint text of D8 (1)
    @(132,6697 mm, 73,6568 mm): Polygon of G*** on F.Silkscreen
[silk_overlap]: Silkscreen overlap
    Rule: board setup constraints silk; warning
    @(122,0900 mm, 82,9900 mm): Segment of D9 on F.Silkscreen
    @(122,7063 mm, 80,5921 mm): Polygon of G*** on F.Silkscreen
[silk_overlap]: Silkscreen overlap
    Rule: board setup constraints silk; warning
    @(122,7400 mm, 82,9900 mm): Segment of D9 on F.Silkscreen
    @(122,7063 mm, 80,5921 mm): Polygon of G*** on F.Silkscreen
[silk_overlap]: Silkscreen overlap
    Rule: board setup constraints silk; warning
    @(122,1000 mm, 84,6300 mm): Footprint text of D9 (1)
    @(122,7063 mm, 80,5921 mm): Polygon of G*** on F.Silkscreen
[silk_overlap]: Silkscreen overlap
    Rule: board setup constraints silk; warning
    @(91,1015 mm, 74,1310 mm): Segment of D11 on F.Silkscreen
    @(91,9519 mm, 73,3221 mm): Polygon of G*** on F.Silkscreen
[silk_overlap]: Silkscreen overlap
    Rule: board setup constraints silk; warning
    @(91,7515 mm, 74,1310 mm): Segment of D11 on F.Silkscreen
    @(91,9519 mm, 73,3221 mm): Polygon of G*** on F.Silkscreen
[silk_overlap]: Silkscreen overlap
    Rule: board setup constraints silk; warning
    @(91,1115 mm, 75,7710 mm): Footprint text of D11 (1)
    @(91,9519 mm, 73,3221 mm): Polygon of G*** on F.Silkscreen
[silk_overlap]: Silkscreen overlap
    Rule: board setup constraints silk; warning
    @(80,4900 mm, 74,9900 mm): Segment of D12 on F.Silkscreen
    @(83,4931 mm, 73,2626 mm): Polygon of G*** on F.Silkscreen
[silk_overlap]: Silkscreen overlap
    Rule: board setup constraints silk; warning
    @(80,5000 mm, 76,6300 mm): Footprint text of D12 (1)
    @(83,4931 mm, 73,2626 mm): Polygon of G*** on F.Silkscreen
[silk_overlap]: Silkscreen overlap
    Rule: board setup constraints silk; warning
    @(81,1400 mm, 74,9900 mm): Segment of D12 on F.Silkscreen
    @(83,4931 mm, 73,2626 mm): Polygon of G*** on F.Silkscreen
[silk_overlap]: Silkscreen overlap
    Rule: board setup constraints silk; warning
    @(79,2008 mm, 88,4255 mm): Segment of D16 on F.Silkscreen
    @(79,7336 mm, 87,3492 mm): Polygon of G*** on F.Silkscreen
[silk_overlap]: Silkscreen overlap
    Rule: board setup constraints silk; warning
    @(79,8508 mm, 88,4255 mm): Segment of D16 on F.Silkscreen
    @(79,7336 mm, 87,3492 mm): Polygon of G*** on F.Silkscreen
[silk_overlap]: Silkscreen overlap
    Rule: board setup constraints silk; warning
    @(79,7336 mm, 87,3492 mm): Polygon of G*** on F.Silkscreen
    @(79,2108 mm, 90,0655 mm): Footprint text of D16 (1)
[silk_overlap]: Silkscreen overlap
    Rule: board setup constraints silk; warning
    @(115,8899 mm, 77,0024 mm): Segment of D10 on F.Silkscreen
    @(117,8553 mm, 77,9229 mm): Polygon of G*** on F.Silkscreen
[silk_overlap]: Silkscreen overlap
    Rule: board setup constraints silk; warning
    @(163,1344 mm, 74,9803 mm): Polygon of G*** on F.Silkscreen
    @(163,8943 mm, 76,3002 mm): Segment of D2 on F.Silkscreen
[silk_overlap]: Silkscreen overlap
    Rule: board setup constraints silk; warning
    @(163,1344 mm, 74,9803 mm): Polygon of G*** on F.Silkscreen
    @(164,5443 mm, 76,3002 mm): Segment of D2 on F.Silkscreen
[silk_overlap]: Silkscreen overlap
    Rule: board setup constraints silk; warning
    @(163,1344 mm, 74,9803 mm): Polygon of G*** on F.Silkscreen
    @(163,9043 mm, 77,9402 mm): Footprint text of D2 (1)
[silk_overlap]: Silkscreen overlap
    Rule: board setup constraints silk; warning
    @(152,5900 mm, 73,4900 mm): Segment of D3 on F.Silkscreen
    @(153,1114 mm, 72,5326 mm): Polygon of G*** on F.Silkscreen
[silk_overlap]: Silkscreen overlap
    Rule: board setup constraints silk; warning
    @(153,1114 mm, 72,5326 mm): Polygon of G*** on F.Silkscreen
    @(153,2400 mm, 73,4900 mm): Segment of D3 on F.Silkscreen
[silk_overlap]: Silkscreen overlap
    Rule: board setup constraints silk; warning
    @(163,7400 mm, 87,4900 mm): Segment of D1 on F.Silkscreen
    @(162,4080 mm, 85,9378 mm): Polygon of G*** on F.Silkscreen
[silk_overlap]: Silkscreen overlap
    Rule: board setup constraints silk; warning
    @(163,1000 mm, 89,1300 mm): Footprint text of D1 (1)
    @(162,4080 mm, 85,9378 mm): Polygon of G*** on F.Silkscreen
[silk_overlap]: Silkscreen overlap
    Rule: board setup constraints silk; warning
    @(143,8355 mm, 79,5573 mm): Segment of D7 on F.Silkscreen
    @(143,0357 mm, 78,1993 mm): Polygon of G*** on F.Silkscreen
[silk_overlap]: Silkscreen overlap
    Rule: board setup constraints silk; warning
    @(144,4855 mm, 79,5573 mm): Segment of D7 on F.Silkscreen
    @(143,0357 mm, 78,1993 mm): Polygon of G*** on F.Silkscreen
[silk_overlap]: Silkscreen overlap
    Rule: board setup constraints silk; warning
    @(150,7950 mm, 85,5160 mm): Segment of D4 on F.Silkscreen
    @(150,2958 mm, 84,5069 mm): Polygon of G*** on F.Silkscreen
[silk_overlap]: Silkscreen overlap
    Rule: board setup constraints silk; warning
    @(83,0494 mm, 118,1243 mm): Segment of S1 on F.Silkscreen
    @(122,9455 mm, 91,4844 mm): Polygon of G*** on F.Silkscreen
[silk_overlap]: Silkscreen overlap
    Rule: board setup constraints silk; warning
    @(163,6820 mm, 117,3507 mm): Segment of R1 on F.Silkscreen
    @(122,9455 mm, 91,4844 mm): Polygon of G*** on F.Silkscreen
[silk_overlap]: Silkscreen overlap
    Rule: board setup constraints silk; warning
    @(163,6820 mm, 118,3957 mm): Segment of R1 on F.Silkscreen
    @(122,9455 mm, 91,4844 mm): Polygon of G*** on F.Silkscreen
[silk_overlap]: Silkscreen overlap
    Rule: board setup constraints silk; warning
    @(161,4004 mm, 126,0327 mm): Segment of U1 on F.Silkscreen
    @(122,9455 mm, 91,4844 mm): Polygon of G*** on F.Silkscreen
[silk_overlap]: Silkscreen overlap
    Rule: board setup constraints silk; warning
    @(162,1254 mm, 121,8127 mm): Segment of U1 on F.Silkscreen
    @(122,9455 mm, 91,4844 mm): Polygon of G*** on F.Silkscreen
[silk_overlap]: Silkscreen overlap
    Rule: board setup constraints silk; warning
    @(164,8954 mm, 121,8127 mm): Segment of U1 on F.Silkscreen
    @(122,9455 mm, 91,4844 mm): Polygon of G*** on F.Silkscreen
[silk_overlap]: Silkscreen overlap
    Rule: board setup constraints silk; warning
    @(165,6204 mm, 121,8127 mm): Segment of U1 on F.Silkscreen
    @(122,9455 mm, 91,4844 mm): Polygon of G*** on F.Silkscreen
[silk_overlap]: Silkscreen overlap
    Rule: board setup constraints silk; warning
    @(165,6204 mm, 126,0327 mm): Segment of U1 on F.Silkscreen
    @(122,9455 mm, 91,4844 mm): Polygon of G*** on F.Silkscreen
[silk_overlap]: Silkscreen overlap
    Rule: board setup constraints silk; warning
    @(79,9994 mm, 119,1243 mm): Reference field of S1
    @(122,9455 mm, 91,4844 mm): Polygon of G*** on F.Silkscreen
[silk_overlap]: Silkscreen overlap
    Rule: board setup constraints silk; warning
    @(75,9994 mm, 117,2243 mm): Segment of S1 on F.Silkscreen
    @(122,9455 mm, 91,4844 mm): Polygon of G*** on F.Silkscreen
[silk_overlap]: Silkscreen overlap
    Rule: board setup constraints silk; warning
    @(75,9994 mm, 117,2243 mm): Segment of S1 on F.Silkscreen
    @(122,9455 mm, 91,4844 mm): Polygon of G*** on F.Silkscreen
[silk_overlap]: Silkscreen overlap
    Rule: board setup constraints silk; warning
    @(76,0994 mm, 117,2243 mm): Segment of S1 on F.Silkscreen
    @(122,9455 mm, 91,4844 mm): Polygon of G*** on F.Silkscreen
[silk_overlap]: Silkscreen overlap
    Rule: board setup constraints silk; warning
    @(77,9494 mm, 118,1243 mm): Segment of S1 on F.Silkscreen
    @(122,9455 mm, 91,4844 mm): Polygon of G*** on F.Silkscreen
[silk_overlap]: Silkscreen overlap
    Rule: board setup constraints silk; warning
    @(78,4994 mm, 121,6743 mm): Segment of S1 on F.Silkscreen
    @(122,9455 mm, 91,4844 mm): Polygon of G*** on F.Silkscreen
[silk_overlap]: Silkscreen overlap
    Rule: board setup constraints silk; warning
    @(76,0494 mm, 117,2243 mm): Arc of S1 on F.Silkscreen
    @(122,9455 mm, 91,4844 mm): Polygon of G*** on F.Silkscreen
[silk_overlap]: Silkscreen overlap
    Rule: board setup constraints silk; warning
    @(76,0494 mm, 117,2243 mm): Arc of S1 on F.Silkscreen
    @(122,9455 mm, 91,4844 mm): Polygon of G*** on F.Silkscreen
[silk_overlap]: Silkscreen overlap
    Rule: board setup constraints silk; warning
    @(76,0494 mm, 117,2243 mm): Arc of S1 on F.Silkscreen
    @(122,9455 mm, 91,4844 mm): Polygon of G*** on F.Silkscreen
[silk_overlap]: Silkscreen overlap
    Rule: board setup constraints silk; warning
    @(78,4994 mm, 116,5743 mm): Segment of S1 on F.Silkscreen
    @(122,9455 mm, 91,4844 mm): Polygon of G*** on F.Silkscreen
[silk_overlap]: Silkscreen overlap
    Rule: board setup constraints silk; warning
    @(81,8503 mm, 100,4020 mm): Polygon of G*** on F.Silkscreen
    @(81,0900 mm, 101,4900 mm): Segment of D15 on F.Silkscreen
[silk_overlap]: Silkscreen overlap
    Rule: board setup constraints silk; warning
    @(81,8503 mm, 100,4020 mm): Polygon of G*** on F.Silkscreen
    @(81,7400 mm, 101,4900 mm): Segment of D15 on F.Silkscreen
[silk_overlap]: Silkscreen overlap
    Rule: board setup constraints silk; warning
    @(98,5606 mm, 91,7690 mm): Segment of D14 on F.Silkscreen
    @(99,9821 mm, 90,7416 mm): Polygon of G*** on F.Silkscreen
[silk_overlap]: Silkscreen overlap
    Rule: board setup constraints silk; warning
    @(97,9206 mm, 93,4090 mm): Footprint text of D14 (1)
    @(99,9821 mm, 90,7416 mm): Polygon of G*** on F.Silkscreen
[silk_overlap]: Silkscreen overlap
    Rule: board setup constraints silk; warning
    @(97,9106 mm, 91,7690 mm): Segment of D14 on F.Silkscreen
    @(99,9821 mm, 90,7416 mm): Polygon of G*** on F.Silkscreen
[silk_overlap]: Silkscreen overlap
    Rule: board setup constraints silk; warning
    @(88,0311 mm, 83,5826 mm): Segment of D13 on F.Silkscreen
    @(90,1043 mm, 82,6277 mm): Polygon of G*** on F.Silkscreen
[silk_overlap]: Silkscreen overlap
    Rule: board setup constraints silk; warning
    @(90,1043 mm, 82,6277 mm): Polygon of G*** on F.Silkscreen
    @(88,6811 mm, 83,5826 mm): Segment of D13 on F.Silkscreen
[silk_overlap]: Silkscreen overlap
    Rule: board setup constraints silk; warning
    @(88,0411 mm, 85,2226 mm): Footprint text of D13 (1)
    @(90,1043 mm, 82,6277 mm): Polygon of G*** on F.Silkscreen
[silk_overlap]: Silkscreen overlap
    Rule: board setup constraints silk; warning
    @(150,9284 mm, 98,1127 mm): Footprint text of D5 (1)
    @(151,3037 mm, 94,8894 mm): Polygon of G*** on F.Silkscreen
[silk_overlap]: Silkscreen overlap
    Rule: board setup constraints silk; warning
    @(151,4450 mm, 85,5160 mm): Segment of D4 on F.Silkscreen
    @(150,2958 mm, 84,5069 mm): Polygon of G*** on F.Silkscreen
[silk_overlap]: Silkscreen overlap
    Rule: board setup constraints silk; warning
    @(150,8050 mm, 87,1560 mm): Footprint text of D4 (1)
    @(150,2958 mm, 84,5069 mm): Polygon of G*** on F.Silkscreen
[silk_overlap]: Silkscreen overlap
    Rule: board setup constraints silk; warning
    @(150,9184 mm, 96,4727 mm): Segment of D5 on F.Silkscreen
    @(151,3037 mm, 94,8894 mm): Polygon of G*** on F.Silkscreen
[silk_overlap]: Silkscreen overlap
    Rule: board setup constraints silk; warning
    @(151,3037 mm, 94,8894 mm): Polygon of G*** on F.Silkscreen
    @(151,5684 mm, 96,4727 mm): Segment of D5 on F.Silkscreen
[silk_over_copper]: Silkscreen clipped by solder mask
    Local override; warning
    @(91,9519 mm, 73,3221 mm): Polygon of G*** on F.Silkscreen
[silk_over_copper]: Silkscreen clipped by solder mask
    Local override; warning
    @(151,3037 mm, 94,8894 mm): Polygon of G*** on F.Silkscreen
[silk_over_copper]: Silkscreen clipped by solder mask
    Local override; warning
    @(132,6697 mm, 73,6568 mm): Polygon of G*** on F.Silkscreen
[silk_over_copper]: Silkscreen clipped by solder mask
    Local override; warning
    @(90,1043 mm, 82,6277 mm): Polygon of G*** on F.Silkscreen
[silk_over_copper]: Silkscreen clipped by solder mask
    Local override; warning
    @(99,9821 mm, 90,7416 mm): Polygon of G*** on F.Silkscreen
[silk_over_copper]: Silkscreen clipped by solder mask
    Local override; warning
    @(143,0357 mm, 78,1993 mm): Polygon of G*** on F.Silkscreen
[silk_over_copper]: Silkscreen clipped by solder mask
    Local override; warning
    @(150,2958 mm, 84,5069 mm): Polygon of G*** on F.Silkscreen
[silk_over_copper]: Silkscreen clipped by solder mask
    Local override; warning
    @(79,7336 mm, 87,3492 mm): Polygon of G*** on F.Silkscreen
[silk_over_copper]: Silkscreen clipped by solder mask
    Local override; warning
    @(81,8503 mm, 100,4020 mm): Polygon of G*** on F.Silkscreen
[silk_over_copper]: Silkscreen clipped by solder mask
    Local override; warning
    @(134,0614 mm, 89,1131 mm): Polygon of G*** on F.Silkscreen
[silk_over_copper]: Silkscreen clipped by solder mask
    Local override; warning
    @(153,1114 mm, 72,5326 mm): Polygon of G*** on F.Silkscreen
[silk_over_copper]: Silkscreen clipped by solder mask
    Local override; warning
    @(117,8553 mm, 77,9229 mm): Polygon of G*** on F.Silkscreen
[silk_over_copper]: Silkscreen clipped by solder mask
    Local override; warning
    @(122,7063 mm, 80,5921 mm): Polygon of G*** on F.Silkscreen
[silk_over_copper]: Silkscreen clipped by solder mask
    Local override; warning
    @(83,4931 mm, 73,2626 mm): Polygon of G*** on F.Silkscreen
[silk_over_copper]: Silkscreen clipped by solder mask
    Local override; warning
    @(163,1344 mm, 74,9803 mm): Polygon of G*** on F.Silkscreen
[silk_over_copper]: Silkscreen clipped by solder mask
    Local override; warning
    @(162,4080 mm, 85,9378 mm): Polygon of G*** on F.Silkscreen
[silk_over_copper]: Silkscreen clipped by solder mask
    Local override; warning
    @(122,9455 mm, 91,4844 mm): Polygon of G*** on F.Silkscreen
[silk_over_copper]: Silkscreen clipped by solder mask
    Local override; warning
    @(80,2496 mm, 130,1393 mm): Reference field of J1
[silk_over_copper]: Silkscreen clipped by solder mask
    Local override; warning
    @(103,6888 mm, 116,4418 mm): Reference field of H1
[silk_over_copper]: Silkscreen clipped by solder mask
    Local override; warning
    @(138,3642 mm, 116,2429 mm): Reference field of H2
[text_thickness]: Text thickness out of range (board setup constraints silk text thickness min thickness 0,0800 mm; actual 0,0750 mm)
    Rule: board setup constraints silk text thickness; warning
    @(163,9043 mm, 77,9402 mm): Footprint text of D2 (1)
[text_height]: Text height out of range (board setup constraints silk text height min height 0,8000 mm; actual 0,5000 mm)
    Rule: board setup constraints silk text height; warning
    @(163,9043 mm, 77,9402 mm): Footprint text of D2 (1)
[text_thickness]: Text thickness out of range (board setup constraints silk text thickness min thickness 0,0800 mm; actual 0,0750 mm)
    Rule: board setup constraints silk text thickness; warning
    @(143,8455 mm, 81,1973 mm): Footprint text of D7 (1)
[text_height]: Text height out of range (board setup constraints silk text height min height 0,8000 mm; actual 0,5000 mm)
    Rule: board setup constraints silk text height; warning
    @(143,8455 mm, 81,1973 mm): Footprint text of D7 (1)
[text_thickness]: Text thickness out of range (board setup constraints silk text thickness min thickness 0,0800 mm; actual 0,0750 mm)
    Rule: board setup constraints silk text thickness; warning
    @(133,6000 mm, 91,6300 mm): Footprint text of D6 (1)
[text_height]: Text height out of range (board setup constraints silk text height min height 0,8000 mm; actual 0,5000 mm)
    Rule: board setup constraints silk text height; warning
    @(133,6000 mm, 91,6300 mm): Footprint text of D6 (1)
[text_thickness]: Text thickness out of range (board setup constraints silk text thickness min thickness 0,0800 mm; actual 0,0750 mm)
    Rule: board setup constraints silk text thickness; warning
    @(91,1115 mm, 75,7710 mm): Footprint text of D11 (1)
[text_height]: Text height out of range (board setup constraints silk text height min height 0,8000 mm; actual 0,5000 mm)
    Rule: board setup constraints silk text height; warning
    @(91,1115 mm, 75,7710 mm): Footprint text of D11 (1)
[text_thickness]: Text thickness out of range (board setup constraints silk text thickness min thickness 0,0800 mm; actual 0,0750 mm)
    Rule: board setup constraints silk text thickness; warning
    @(79,2108 mm, 90,0655 mm): Footprint text of D16 (1)
[text_height]: Text height out of range (board setup constraints silk text height min height 0,8000 mm; actual 0,5000 mm)
    Rule: board setup constraints silk text height; warning
    @(79,2108 mm, 90,0655 mm): Footprint text of D16 (1)
[text_thickness]: Text thickness out of range (board setup constraints silk text thickness min thickness 0,0800 mm; actual 0,0750 mm)
    Rule: board setup constraints silk text thickness; warning
    @(115,2499 mm, 78,6424 mm): Footprint text of D10 (1)
[text_height]: Text height out of range (board setup constraints silk text height min height 0,8000 mm; actual 0,5000 mm)
    Rule: board setup constraints silk text height; warning
    @(115,2499 mm, 78,6424 mm): Footprint text of D10 (1)
[text_thickness]: Text thickness out of range (board setup constraints silk text thickness min thickness 0,0800 mm; actual 0,0750 mm)
    Rule: board setup constraints silk text thickness; warning
    @(81,1000 mm, 103,1300 mm): Footprint text of D15 (1)
[text_height]: Text height out of range (board setup constraints silk text height min height 0,8000 mm; actual 0,5000 mm)
    Rule: board setup constraints silk text height; warning
    @(81,1000 mm, 103,1300 mm): Footprint text of D15 (1)
[text_thickness]: Text thickness out of range (board setup constraints silk text thickness min thickness 0,0800 mm; actual 0,0750 mm)
    Rule: board setup constraints silk text thickness; warning
    @(130,6000 mm, 76,6300 mm): Footprint text of D8 (1)
[text_height]: Text height out of range (board setup constraints silk text height min height 0,8000 mm; actual 0,5000 mm)
    Rule: board setup constraints silk text height; warning
    @(130,6000 mm, 76,6300 mm): Footprint text of D8 (1)
[text_thickness]: Text thickness out of range (board setup constraints silk text thickness min thickness 0,0800 mm; actual 0,0750 mm)
    Rule: board setup constraints silk text thickness; warning
    @(150,8050 mm, 87,1560 mm): Footprint text of D4 (1)
[text_height]: Text height out of range (board setup constraints silk text height min height 0,8000 mm; actual 0,5000 mm)
    Rule: board setup constraints silk text height; warning
    @(150,8050 mm, 87,1560 mm): Footprint text of D4 (1)
[text_thickness]: Text thickness out of range (board setup constraints silk text thickness min thickness 0,0800 mm; actual 0,0750 mm)
    Rule: board setup constraints silk text thickness; warning
    @(80,5000 mm, 76,6300 mm): Footprint text of D12 (1)
[text_height]: Text height out of range (board setup constraints silk text height min height 0,8000 mm; actual 0,5000 mm)
    Rule: board setup constraints silk text height; warning
    @(80,5000 mm, 76,6300 mm): Footprint text of D12 (1)
[text_thickness]: Text thickness out of range (board setup constraints silk text thickness min thickness 0,0800 mm; actual 0,0750 mm)
    Rule: board setup constraints silk text thickness; warning
    @(122,1000 mm, 84,6300 mm): Footprint text of D9 (1)
[text_height]: Text height out of range (board setup constraints silk text height min height 0,8000 mm; actual 0,5000 mm)
    Rule: board setup constraints silk text height; warning
    @(122,1000 mm, 84,6300 mm): Footprint text of D9 (1)
[text_thickness]: Text thickness out of range (board setup constraints silk text thickness min thickness 0,0800 mm; actual 0,0750 mm)
    Rule: board setup constraints silk text thickness; warning
    @(150,9284 mm, 98,1127 mm): Footprint text of D5 (1)
[text_height]: Text height out of range (board setup constraints silk text height min height 0,8000 mm; actual 0,5000 mm)
    Rule: board setup constraints silk text height; warning
    @(150,9284 mm, 98,1127 mm): Footprint text of D5 (1)
[text_thickness]: Text thickness out of range (board setup constraints silk text thickness min thickness 0,0800 mm; actual 0,0750 mm)
    Rule: board setup constraints silk text thickness; warning
    @(163,1000 mm, 89,1300 mm): Footprint text of D1 (1)
[text_height]: Text height out of range (board setup constraints silk text height min height 0,8000 mm; actual 0,5000 mm)
    Rule: board setup constraints silk text height; warning
    @(163,1000 mm, 89,1300 mm): Footprint text of D1 (1)
[text_thickness]: Text thickness out of range (board setup constraints silk text thickness min thickness 0,0800 mm; actual 0,0750 mm)
    Rule: board setup constraints silk text thickness; warning
    @(97,9206 mm, 93,4090 mm): Footprint text of D14 (1)
[text_height]: Text height out of range (board setup constraints silk text height min height 0,8000 mm; actual 0,5000 mm)
    Rule: board setup constraints silk text height; warning
    @(97,9206 mm, 93,4090 mm): Footprint text of D14 (1)
[text_thickness]: Text thickness out of range (board setup constraints silk text thickness min thickness 0,0800 mm; actual 0,0750 mm)
    Rule: board setup constraints silk text thickness; warning
    @(88,0411 mm, 85,2226 mm): Footprint text of D13 (1)
[text_height]: Text height out of range (board setup constraints silk text height min height 0,8000 mm; actual 0,5000 mm)
    Rule: board setup constraints silk text height; warning
    @(88,0411 mm, 85,2226 mm): Footprint text of D13 (1)
[lib_footprint_mismatch]: Footprint 'R_0603_1608Metric' does not match copy in library 'Resistor_SMD'.
    Local override; warning
    @(163,4447 mm, 117,8732 mm): Footprint R1
[lib_footprint_mismatch]: Footprint 'SOT-89-3' does not match copy in library 'Package_TO_SOT_SMD'.
    Local override; warning
    @(163,5542 mm, 132,0545 mm): Footprint U2
[lib_footprint_issues]: The current configuration does not include the footprint library 'Library'.
    Local override; warning
    @(80,4746 mm, 130,1393 mm): Footprint J1
[lib_footprint_mismatch]: Footprint 'QFN-20-1EP_4x4mm_P0.5mm_EP2.5x2.5mm_ThermalVias' does not match copy in library 'Package_DFN_QFN'.
    Local override; warning
    @(163,5104 mm, 123,9227 mm): Footprint U1
[lib_footprint_issues]: The current configuration does not include the footprint library 'Library'.
    Local override; warning
    @(80,4994 mm, 119,1243 mm): Footprint S1
[lib_footprint_issues]: The current configuration does not include the footprint library 'Library'.
    Local override; warning
    @(103,6888 mm, 116,4418 mm): Footprint H1
[lib_footprint_issues]: The current configuration does not include the footprint library 'Library'.
    Local override; warning
    @(138,3642 mm, 116,2429 mm): Footprint H2
[silk_edge_clearance]: Silkscreen clipped by board edge
    Rule: board setup constraints silk; warning
    @(167,0090 mm, 70,5482 mm): Segment on Edge.Cuts
    @(81,3142 mm, 70,4126 mm): Polygon of G*** on F.Silkscreen
[silk_edge_clearance]: Silkscreen clipped by board edge
    Rule: board setup constraints silk; warning
    @(167,0090 mm, 70,5482 mm): Segment on Edge.Cuts
    @(165,3550 mm, 69,7574 mm): Polygon of G*** on F.Silkscreen
[silk_edge_clearance]: Silkscreen clipped by board edge
    Rule: board setup constraints silk; warning
    @(172,0090 mm, 75,5482 mm): Segment on Edge.Cuts
    @(122,9455 mm, 91,4844 mm): Polygon of G*** on F.Silkscreen
[track_dangling]: Track has unconnected end
    Local override; warning
    @(164,7530 mm, 126,7530 mm): Track [+6V] on B.Cu, length 0,7400 mm
[track_dangling]: Track has unconnected end
    Local override; warning
    @(162,5100 mm, 121,3100 mm): Track [Net-(U1-PA5)] on F.Cu, length 0,0630 mm

** Found 0 unconnected pads **

** Found 0 Footprint errors **

** End of Report **
